Построение начато 24.03.2016 12:18:33.
     1>Проект "K:\Andrew\Programming\2016\Optimiz\labaOpt\labaOpt\labaOpt.vcxproj" в узле 2 (целевые объекты build).
     1>InitializeBuildStatus:
         Создание "Debug\labaOpt.unsuccessfulbuild", так как было задано "AlwaysCreate".
       ClCompile:
         C:\Program Files (x86)\Microsoft Visual Studio 10.0\VC\bin\CL.exe /c /ZI /nologo /W3 /WX- /Od /Oy- /D WIN32 /D _DEBUG /D _CONSOLE /D _UNICODE /D UNICODE /Gm /EHsc /RTC1 /MDd /GS /fp:precise /Zc:wchar_t /Zc:forScope /Fo"Debug\\" /Fd"Debug\vc100.pdb" /Gd /TP /analyze- /errorReport:prompt labaOpt.cpp
         labaOpt.cpp
       Link:
         C:\Program Files (x86)\Microsoft Visual Studio 10.0\VC\bin\link.exe /ERRORREPORT:PROMPT /OUT:"K:\Andrew\Programming\2016\Optimiz\labaOpt\Debug\labaOpt.exe" /INCREMENTAL:NO /NOLOGO kernel32.lib user32.lib gdi32.lib winspool.lib comdlg32.lib advapi32.lib shell32.lib ole32.lib oleaut32.lib uuid.lib odbc32.lib odbccp32.lib /MANIFEST /ManifestFile:"Debug\labaOpt.exe.intermediate.manifest" /MANIFESTUAC:"level='asInvoker' uiAccess='false'" /DEBUG /PDB:"K:\Andrew\Programming\2016\Optimiz\labaOpt\Debug\labaOpt.pdb" /SUBSYSTEM:CONSOLE /TLBID:1 /DYNAMICBASE /NXCOMPAT /IMPLIB:"K:\Andrew\Programming\2016\Optimiz\labaOpt\Debug\labaOpt.lib" /MACHINE:X86 Debug\labaOpt.obj
         Debug\stdafx.obj
     1>labaOpt.obj : warning LNK4075: не учитывается "/EDITANDCONTINUE" из-за спецификации "/INCREMENTAL:NO"
         labaOpt.vcxproj -> K:\Andrew\Programming\2016\Optimiz\labaOpt\Debug\labaOpt.exe
       Manifest:
         C:\Program Files (x86)\Microsoft SDKs\Windows\v7.0A\bin\mt.exe /nologo /verbose /outputresource:"K:\Andrew\Programming\2016\Optimiz\labaOpt\Debug\labaOpt.exe;#1" /manifest Debug\labaOpt.exe.intermediate.manifest
       FinalizeBuildStatus:
         Файл "Debug\labaOpt.unsuccessfulbuild" удаляется.
         Обращение к "Debug\labaOpt.lastbuildstate".
     1>Построение проекта "K:\Andrew\Programming\2016\Optimiz\labaOpt\labaOpt\labaOpt.vcxproj" завершено (целевые объекты build).

Построение успешно завершено.

Затраченное время: 00:00:03.39
